<?xml version="1.0" encoding="UTF-8"?>
<!-- Generated by org.testng.reporters.JUnitXMLReporter -->
<testsuite ignored="0" hostname="DESKTOP-QVE242R" failures="0" tests="7" name="Test" time="0.139" errors="0" timestamp="2023-07-12T22:10:33 IST">
  <testcase classname="com.actitime.testng.CustomerModule" name="createCustomer" time="0.021"/>
  <testcase classname="com.actitime.testng.CustomerModule" name="modifyCustomer" time="0.003"/>
  <testcase classname="com.actitime.testng.CustomerModule" name="deleteCustomer" time="0.002"/>
  <testcase classname="com.actitime.testng.ProjectModule" name="createflipCustomer" time="0.002"/>
  <testcase classname="com.actitime.testng.ProjectModule" name="modifyflipCustomer" time="0.002"/>
  <testcase classname="com.actitime.testng.ProjectModule" name="deleteflipCustomer" time="0.003"/>
  <testcase classname="com.actitime.testng.ProjectModule" name="buyaproduct" time="0.002"/>
</testsuite> <!-- Test -->
